<?xml version="1.0" encoding="UTF-8"?>
<!-- Generated by org.testng.reporters.JUnitXMLReporter -->
<testsuite hostname="Saurabhs-MacBook-Pro.local" ignored="0" name="Default test" tests="2" failures="0" timestamp="03 Jun 2020 17:56:43 GMT" time="2.656" errors="0">
  <testcase name="feature" time="1.456" classname="UA_MicroService.BFF_Sync_Cucumber_Runner.TestRunner"/>
  <testcase name="feature" time="0.096" classname="UA_MicroService.BFF_Sync_Cucumber_Runner.TestRunner"/>
</testsuite> <!-- Default test -->
