<?xml version="1.0" encoding="UTF-8"?>
<!-- Generated by org.testng.reporters.JUnitXMLReporter -->
<testsuite hostname="Saurabhs-MacBook-Pro.local" ignored="0" name="APIValidation" tests="4" failures="0" timestamp="05 Jun 2020 17:59:54 GMT" time="3.996" errors="0">
  <testcase name="Cucumberfeature" time="1.498" classname="UA_MicroService.BFF_Sync_Cucumber_Runner.TestRunner"/>
  <testcase name="Cucumberfeature" time="0.598" classname="UA_MicroService.BFF_Sync_Cucumber_Runner.TestRunner"/>
  <testcase name="Cucumberfeature" time="0.396" classname="UA_MicroService.BFF_Sync_Cucumber_Runner.TestRunner"/>
  <testcase name="Cucumberfeature" time="0.087" classname="UA_MicroService.BFF_Sync_Cucumber_Runner.TestRunner"/>
</testsuite> <!-- APIValidation -->
